# Logfile created on Thu Feb 28 23:48:44 -0600 2013 by logger.rb/22285
D, [2013-02-28T23:48:44.682552 #1693] DEBUG -- : REQUESTING PAGE: GET / with {} and HTTP headers {}
D, [2013-02-28T23:50:33.450188 #1701] DEBUG -- : REQUESTING PAGE: GET / with {} and HTTP headers {}
D, [2013-02-28T23:55:04.049699 #1780] DEBUG -- : REQUESTING PAGE: GET / with {} and HTTP headers {}
D, [2013-02-28T23:55:27.070769 #1787] DEBUG -- : REQUESTING PAGE: GET / with {} and HTTP headers {}
D, [2013-04-12T17:03:20.699658 #2219] DEBUG -- : REQUESTING PAGE: GET / with {} and HTTP headers {}
D, [2013-04-12T17:09:02.811475 #2237] DEBUG -- : REQUESTING PAGE: GET / with {} and HTTP headers {}
D, [2013-04-12T17:19:21.294502 #2272] DEBUG -- : REQUESTING PAGE: GET / with {} and HTTP headers {}
D, [2013-04-12T17:20:29.704027 #2283] DEBUG -- : REQUESTING PAGE: GET / with {} and HTTP headers {}
D, [2013-04-12T17:29:58.563869 #2317] DEBUG -- : REQUESTING PAGE: GET / with {} and HTTP headers {}
D, [2013-04-12T17:30:35.348813 #2322] DEBUG -- : REQUESTING PAGE: GET / with {} and HTTP headers {}
D, [2013-04-12T17:31:20.787344 #2328] DEBUG -- : REQUESTING PAGE: GET / with {} and HTTP headers {}
D, [2013-04-12T17:36:12.623868 #2345] DEBUG -- : REQUESTING PAGE: GET / with {} and HTTP headers {}
D, [2013-04-12T17:37:02.744967 #2350] DEBUG -- : REQUESTING PAGE: GET / with {} and HTTP headers {}
D, [2013-04-12T17:38:26.259150 #2355] DEBUG -- : REQUESTING PAGE: GET / with {} and HTTP headers {}
D, [2013-04-12T17:39:06.465774 #2360] DEBUG -- : REQUESTING PAGE: GET / with {} and HTTP headers {}
D, [2013-04-12T17:39:06.482517 #2360] DEBUG -- : REQUESTING PAGE: GET /Comprarlibros with {"r103"=>"0", "r102"=>"0", "r101"=>"0", "r12"=>"0", "r11"=>"1", "r92"=>"0", "r91"=>"0", "r22"=>"0", "r21"=>"0", "r32"=>"0", "r31"=>"0", "r42"=>"0", "r41"=>"0", "r52"=>"0", "r51"=>"0", "r62"=>"0", "r61"=>"0", "r72"=>"0", "r71"=>"0", "r82"=>"0", "r81"=>"0"} and HTTP headers {"HTTP_REFERER"=>"/"}
D, [2013-04-12T17:40:46.523512 #2368] DEBUG -- : REQUESTING PAGE: GET / with {} and HTTP headers {}
D, [2013-04-12T17:40:46.539911 #2368] DEBUG -- : REQUESTING PAGE: GET /calcular with {"r62"=>"0", "r61"=>"0", "r72"=>"0", "r71"=>"0", "r82"=>"0", "r81"=>"0", "r92"=>"0", "r91"=>"0", "r103"=>"0", "r102"=>"0", "r101"=>"0", "r12"=>"0", "r11"=>"1", "r22"=>"0", "r21"=>"0", "r32"=>"0", "r31"=>"0", "r42"=>"0", "r41"=>"0", "r52"=>"0", "r51"=>"0"} and HTTP headers {"HTTP_REFERER"=>"/"}
D, [2013-04-12T17:44:14.025356 #2379] DEBUG -- : REQUESTING PAGE: GET / with {} and HTTP headers {}
D, [2013-04-12T17:44:26.738375 #2383] DEBUG -- : REQUESTING PAGE: GET / with {} and HTTP headers {}
D, [2013-04-12T17:44:48.645214 #2385] DEBUG -- : REQUESTING PAGE: GET / with {} and HTTP headers {}
D, [2013-04-12T17:44:48.661818 #2385] DEBUG -- : REQUESTING PAGE: GET /calcular with {"r103"=>"0", "r102"=>"0", "r101"=>"0", "r22"=>"0", "r21"=>"0", "r32"=>"0", "r31"=>"0", "r12"=>"0", "r11"=>"0", "r42"=>"0", "r41"=>"0", "r52"=>"0", "r51"=>"0", "r62"=>"0", "r61"=>"0", "r72"=>"0", "r71"=>"0", "r82"=>"0", "r81"=>"0", "r92"=>"0", "r91"=>"0"} and HTTP headers {"HTTP_REFERER"=>"/"}
D, [2013-04-12T17:46:13.658998 #2394] DEBUG -- : REQUESTING PAGE: GET / with {} and HTTP headers {}
D, [2013-04-12T17:46:13.677503 #2394] DEBUG -- : REQUESTING PAGE: GET /calcular with {"r42"=>"0", "r41"=>"0", "r103"=>"0", "r102"=>"0", "r101"=>"0", "r12"=>"0", "r11"=>"0", "r22"=>"0", "r21"=>"0", "r52"=>"0", "r51"=>"0", "r62"=>"0", "r61"=>"0", "r72"=>"0", "r71"=>"0", "r82"=>"0", "r81"=>"0", "r92"=>"0", "r91"=>"0", "r32"=>"0", "r31"=>"0"} and HTTP headers {"HTTP_REFERER"=>"/"}
D, [2013-04-12T17:47:20.365918 #2399] DEBUG -- : REQUESTING PAGE: GET / with {} and HTTP headers {}
D, [2013-04-12T17:47:20.387900 #2399] DEBUG -- : REQUESTING PAGE: GET /calcular with {"r92"=>"0", "r91"=>"0", "r103"=>"0", "r102"=>"0", "r101"=>"0", "r12"=>"0", "r11"=>"0", "r22"=>"0", "r21"=>"0", "r32"=>"0", "r31"=>"0", "r42"=>"0", "r41"=>"0", "r52"=>"0", "r51"=>"0", "r62"=>"0", "r61"=>"0", "r72"=>"0", "r71"=>"0", "r82"=>"0", "r81"=>"0"} and HTTP headers {"HTTP_REFERER"=>"/"}
D, [2013-04-12T17:47:41.682915 #2404] DEBUG -- : REQUESTING PAGE: GET / with {} and HTTP headers {}
D, [2013-04-12T17:50:27.592581 #2416] DEBUG -- : REQUESTING PAGE: GET / with {} and HTTP headers {}
D, [2013-04-12T17:50:27.609183 #2416] DEBUG -- : REQUESTING PAGE: GET /calcular with {"r103"=>"0", "r102"=>"0", "r101"=>"0", "r12"=>"0", "r11"=>"0", "r22"=>"0", "r21"=>"0", "r32"=>"0", "r31"=>"0", "r62"=>"0", "r61"=>"0", "r42"=>"0", "r41"=>"0", "r72"=>"0", "r71"=>"0", "r52"=>"0", "r51"=>"0", "r82"=>"0", "r81"=>"0", "r92"=>"0", "r91"=>"0"} and HTTP headers {"HTTP_REFERER"=>"/"}
D, [2013-04-12T17:51:12.832241 #2421] DEBUG -- : REQUESTING PAGE: GET / with {} and HTTP headers {}
D, [2013-04-12T17:51:12.848983 #2421] DEBUG -- : REQUESTING PAGE: GET /calcular with {"r62"=>"0", "r61"=>"0", "r72"=>"0", "r71"=>"0", "r82"=>"0", "r81"=>"0", "r12"=>"0", "r11"=>"0", "r103"=>"0", "r102"=>"0", "r101"=>"0", "r92"=>"0", "r91"=>"0", "r22"=>"0", "r21"=>"0", "r32"=>"0", "r31"=>"0", "r42"=>"0", "r41"=>"0", "r52"=>"0", "r51"=>"0"} and HTTP headers {"HTTP_REFERER"=>"/"}
D, [2013-04-12T17:51:20.131879 #2424] DEBUG -- : REQUESTING PAGE: GET / with {} and HTTP headers {}
D, [2013-04-12T17:51:20.147884 #2424] DEBUG -- : REQUESTING PAGE: GET /calcular with {"r92"=>"0", "r91"=>"0", "r22"=>"0", "r21"=>"0", "r103"=>"0", "r102"=>"0", "r101"=>"0", "r32"=>"0", "r31"=>"0", "r42"=>"0", "r41"=>"0", "r52"=>"0", "r51"=>"0", "r62"=>"0", "r61"=>"0", "r72"=>"0", "r71"=>"0", "r82"=>"0", "r81"=>"0", "r12"=>"0", "r11"=>"0"} and HTTP headers {"HTTP_REFERER"=>"/"}
D, [2013-04-12T17:52:04.771053 #2427] DEBUG -- : REQUESTING PAGE: GET / with {} and HTTP headers {}
D, [2013-04-12T17:52:04.788124 #2427] DEBUG -- : REQUESTING PAGE: GET /calcular with {"r103"=>"0", "r102"=>"0", "r101"=>"0", "r62"=>"0", "r61"=>"0", "r72"=>"0", "r71"=>"0", "r82"=>"0", "r81"=>"0", "r92"=>"0", "r91"=>"0", "r12"=>"0", "r11"=>"0", "r22"=>"0", "r21"=>"0", "r32"=>"0", "r31"=>"0", "r42"=>"0", "r41"=>"0", "r52"=>"0", "r51"=>"0"} and HTTP headers {"HTTP_REFERER"=>"/"}
D, [2013-04-12T17:52:27.255864 #2431] DEBUG -- : REQUESTING PAGE: GET / with {} and HTTP headers {}
D, [2013-04-12T17:53:14.747886 #2438] DEBUG -- : REQUESTING PAGE: GET / with {} and HTTP headers {}
D, [2013-04-12T17:53:14.764177 #2438] DEBUG -- : REQUESTING PAGE: GET /calcular with {"r12"=>"0", "r11"=>"0", "r22"=>"0", "r21"=>"0", "r32"=>"0", "r31"=>"0", "r42"=>"0", "r41"=>"0", "r52"=>"0", "r51"=>"0", "r62"=>"0", "r61"=>"0", "r103"=>"0", "r102"=>"0", "r101"=>"0", "r72"=>"0", "r71"=>"0", "r82"=>"0", "r81"=>"0", "r92"=>"0", "r91"=>"0"} and HTTP headers {"HTTP_REFERER"=>"/"}
D, [2013-04-12T17:53:29.844502 #2441] DEBUG -- : REQUESTING PAGE: GET / with {} and HTTP headers {}
D, [2013-04-12T17:53:29.861605 #2441] DEBUG -- : REQUESTING PAGE: GET /calcular with {"r103"=>"0", "r102"=>"0", "r101"=>"0", "r22"=>"0", "r21"=>"0", "r32"=>"0", "r31"=>"0", "r42"=>"0", "r41"=>"0", "r52"=>"0", "r51"=>"0", "r62"=>"0", "r61"=>"0", "r72"=>"0", "r71"=>"0", "r82"=>"0", "r81"=>"0", "r92"=>"0", "r91"=>"0", "r12"=>"0", "r11"=>"0"} and HTTP headers {"HTTP_REFERER"=>"/"}
D, [2013-04-12T17:53:35.580560 #2444] DEBUG -- : REQUESTING PAGE: GET / with {} and HTTP headers {}
D, [2013-04-12T17:53:35.595728 #2444] DEBUG -- : REQUESTING PAGE: GET /calcular with {"r12"=>"0", "r11"=>"0", "r22"=>"0", "r21"=>"0", "r52"=>"0", "r51"=>"0", "r32"=>"0", "r31"=>"0", "r103"=>"0", "r102"=>"0", "r101"=>"0", "r62"=>"0", "r61"=>"0", "r42"=>"0", "r41"=>"0", "r72"=>"0", "r71"=>"0", "r82"=>"0", "r81"=>"0", "r92"=>"0", "r91"=>"0"} and HTTP headers {"HTTP_REFERER"=>"/"}
D, [2013-04-12T17:56:04.097287 #2457] DEBUG -- : REQUESTING PAGE: GET / with {} and HTTP headers {}
D, [2013-04-12T17:56:04.113684 #2457] DEBUG -- : REQUESTING PAGE: GET /calcular with {"r12"=>"0", "r11"=>"0", "r22"=>"0", "r21"=>"0", "r32"=>"0", "r31"=>"0", "r42"=>"0", "r41"=>"0", "r52"=>"0", "r51"=>"0", "r62"=>"0", "r61"=>"0", "r103"=>"0", "r102"=>"0", "r101"=>"0", "r72"=>"0", "r71"=>"0", "r82"=>"0", "r81"=>"0", "r92"=>"0", "r91"=>"0"} and HTTP headers {"HTTP_REFERER"=>"/"}
D, [2013-04-12T17:58:59.841461 #2568] DEBUG -- : REQUESTING PAGE: GET / with {} and HTTP headers {}
D, [2013-04-12T17:58:59.860098 #2568] DEBUG -- : REQUESTING PAGE: GET /calcular4 with {"r42"=>"0", "r41"=>"0", "r52"=>"0", "r51"=>"0", "r103"=>"0", "r102"=>"0", "r101"=>"0", "r62"=>"0", "r61"=>"0", "r72"=>"0", "r71"=>"0", "r82"=>"0", "r81"=>"0", "r92"=>"0", "r91"=>"0", "r12"=>"0", "r11"=>"0", "r22"=>"0", "r21"=>"0", "r32"=>"0", "r31"=>"0"} and HTTP headers {"HTTP_REFERER"=>"/"}
D, [2013-04-12T18:00:48.507577 #2587] DEBUG -- : REQUESTING PAGE: GET / with {} and HTTP headers {}
D, [2013-04-12T18:00:48.523798 #2587] DEBUG -- : REQUESTING PAGE: GET /calcular with {"r62"=>"0", "r61"=>"0", "r72"=>"0", "r71"=>"0", "r103"=>"0", "r102"=>"0", "r101"=>"0", "r12"=>"0", "r11"=>"0", "r22"=>"0", "r21"=>"0", "r32"=>"0", "r31"=>"0", "r82"=>"0", "r81"=>"0", "r42"=>"0", "r41"=>"0", "r92"=>"0", "r91"=>"0", "r52"=>"0", "r51"=>"0"} and HTTP headers {"HTTP_REFERER"=>"/"}
D, [2013-04-12T18:03:08.981479 #2598] DEBUG -- : REQUESTING PAGE: GET / with {} and HTTP headers {}
D, [2013-04-12T18:03:08.998175 #2598] DEBUG -- : REQUESTING PAGE: GET /calcular with {"r92"=>"0", "r91"=>"0", "r12"=>"0", "r11"=>"0", "r22"=>"0", "r21"=>"0", "r32"=>"0", "r31"=>"0", "r42"=>"0", "r41"=>"0", "r52"=>"0", "r51"=>"0", "r103"=>"0", "r102"=>"0", "r101"=>"0", "r62"=>"0", "r61"=>"0", "r72"=>"0", "r71"=>"0", "r82"=>"0", "r81"=>"0"} and HTTP headers {"HTTP_REFERER"=>"/"}
D, [2013-04-12T18:05:38.270634 #2605] DEBUG -- : REQUESTING PAGE: GET / with {} and HTTP headers {}
D, [2013-04-12T18:07:40.978325 #2617] DEBUG -- : REQUESTING PAGE: GET / with {} and HTTP headers {}
D, [2013-04-12T18:07:41.001914 #2617] DEBUG -- : REQUESTING PAGE: GET /calcular with {"r72"=>"3", "r71"=>"7", "r82"=>"4", "r81"=>"6", "r92"=>"0", "r91"=>"10", "r103"=>"6", "r102"=>"8", "r101"=>"2", "r32"=>"4", "r31"=>"6", "r12"=>"4", "r11"=>"1", "r42"=>"5", "r41"=>"5", "r22"=>"5", "r21"=>"4", "r52"=>"0", "r51"=>"10", "r62"=>"1", "r61"=>"0"} and HTTP headers {"HTTP_REFERER"=>"/"}
D, [2013-04-12T18:08:17.043714 #2620] DEBUG -- : REQUESTING PAGE: GET / with {} and HTTP headers {}
D, [2013-04-12T18:08:17.079067 #2620] DEBUG -- : REQUESTING PAGE: GET /calcular with {"r12"=>"4", "r11"=>"1", "r22"=>"5", "r21"=>"4", "r32"=>"4", "r31"=>"6", "r103"=>"6", "r102"=>"8", "r101"=>"2", "r42"=>"5", "r41"=>"5", "r72"=>"3", "r71"=>"7", "r52"=>"0", "r51"=>"10", "r82"=>"4", "r81"=>"6", "r62"=>"1", "r61"=>"0", "r92"=>"0", "r91"=>"10"} and HTTP headers {"HTTP_REFERER"=>"/"}
D, [2013-04-12T18:08:22.669970 #2623] DEBUG -- : REQUESTING PAGE: GET / with {} and HTTP headers {}
D, [2013-04-12T18:08:22.699104 #2623] DEBUG -- : REQUESTING PAGE: GET /calcular with {"r103"=>"6", "r102"=>"8", "r101"=>"2", "r32"=>"4", "r31"=>"6", "r42"=>"5", "r41"=>"5", "r52"=>"0", "r51"=>"10", "r62"=>"1", "r61"=>"0", "r72"=>"3", "r71"=>"7", "r82"=>"4", "r81"=>"6", "r12"=>"4", "r11"=>"1", "r92"=>"0", "r91"=>"10", "r22"=>"5", "r21"=>"4"} and HTTP headers {"HTTP_REFERER"=>"/"}
D, [2013-04-12T18:14:04.385694 #2656] DEBUG -- : REQUESTING PAGE: GET / with {} and HTTP headers {}
D, [2013-04-12T18:14:04.409807 #2656] DEBUG -- : REQUESTING PAGE: GET /calcular with {"r22"=>"5", "r21"=>"4", "r32"=>"4", "r31"=>"6", "r42"=>"5", "r41"=>"5", "r52"=>"0", "r51"=>"10", "r82"=>"4", "r81"=>"6", "r62"=>"1", "r61"=>"0", "r92"=>"0", "r91"=>"10", "r72"=>"3", "r71"=>"7", "r103"=>"6", "r102"=>"8", "r101"=>"2", "r12"=>"4", "r11"=>"1"} and HTTP headers {"HTTP_REFERER"=>"/"}
D, [2013-04-12T18:14:23.670445 #2661] DEBUG -- : REQUESTING PAGE: GET / with {} and HTTP headers {}
D, [2013-04-12T18:14:23.694416 #2661] DEBUG -- : REQUESTING PAGE: GET /calcular with {"r32"=>"4", "r31"=>"6", "r42"=>"5", "r41"=>"5", "r52"=>"0", "r51"=>"10", "r62"=>"1", "r61"=>"0", "r72"=>"3", "r71"=>"7", "r82"=>"4", "r81"=>"6", "r92"=>"0", "r91"=>"10", "r103"=>"6", "r102"=>"8", "r101"=>"2", "r12"=>"4", "r11"=>"1", "r22"=>"5", "r21"=>"4"} and HTTP headers {"HTTP_REFERER"=>"/"}
D, [2013-04-12T18:16:08.916527 #2673] DEBUG -- : REQUESTING PAGE: GET / with {} and HTTP headers {}
D, [2013-04-12T18:16:08.944776 #2673] DEBUG -- : REQUESTING PAGE: GET /calcular with {"r92"=>"0", "r91"=>"10", "r103"=>"6", "r102"=>"8", "r101"=>"2", "r12"=>"4", "r11"=>"1", "r22"=>"5", "r21"=>"4", "r32"=>"4", "r31"=>"6", "r42"=>"5", "r41"=>"5", "r52"=>"0", "r51"=>"10", "r62"=>"1", "r61"=>"0", "r72"=>"3", "r71"=>"7", "r82"=>"4", "r81"=>"6"} and HTTP headers {"HTTP_REFERER"=>"/"}
D, [2013-04-12T18:16:40.214551 #2678] DEBUG -- : REQUESTING PAGE: GET / with {} and HTTP headers {}
D, [2013-04-12T18:16:40.243984 #2678] DEBUG -- : REQUESTING PAGE: GET /calcular with {"r12"=>"4", "r11"=>"1", "r22"=>"5", "r21"=>"4", "r32"=>"4", "r31"=>"6", "r42"=>"5", "r41"=>"5", "r52"=>"0", "r51"=>"10", "r82"=>"4", "r81"=>"6", "r62"=>"1", "r61"=>"0", "r92"=>"0", "r91"=>"10", "r72"=>"3", "r71"=>"7", "r103"=>"6", "r102"=>"8", "r101"=>"2"} and HTTP headers {"HTTP_REFERER"=>"/"}
D, [2013-04-12T18:18:20.113982 #2689] DEBUG -- : REQUESTING PAGE: GET / with {} and HTTP headers {}
D, [2013-04-12T18:18:20.137990 #2689] DEBUG -- : REQUESTING PAGE: GET /calcular with {"r42"=>"5", "r41"=>"5", "r52"=>"0", "r51"=>"10", "r62"=>"1", "r61"=>"0", "r72"=>"3", "r71"=>"7", "r82"=>"4", "r81"=>"6", "r92"=>"0", "r91"=>"10", "r12"=>"4", "r11"=>"1", "r103"=>"6", "r102"=>"8", "r101"=>"2", "r22"=>"5", "r21"=>"4", "r32"=>"4", "r31"=>"6"} and HTTP headers {"HTTP_REFERER"=>"/"}
D, [2013-04-12T18:18:38.479087 #2692] DEBUG -- : REQUESTING PAGE: GET / with {} and HTTP headers {}
D, [2013-04-12T18:18:38.508033 #2692] DEBUG -- : REQUESTING PAGE: GET /calcular with {"r52"=>"0", "r51"=>"10", "r62"=>"1", "r61"=>"0", "r72"=>"3", "r71"=>"7", "r82"=>"4", "r81"=>"6", "r92"=>"0", "r91"=>"10", "r32"=>"4", "r31"=>"6", "r42"=>"5", "r41"=>"5", "r103"=>"6", "r102"=>"8", "r101"=>"2", "r12"=>"4", "r11"=>"1", "r22"=>"5", "r21"=>"4"} and HTTP headers {"HTTP_REFERER"=>"/"}
D, [2013-04-12T18:18:56.909916 #2698] DEBUG -- : REQUESTING PAGE: GET / with {} and HTTP headers {}
D, [2013-04-12T18:18:56.934115 #2698] DEBUG -- : REQUESTING PAGE: GET /calcular with {"r12"=>"4", "r11"=>"1", "r92"=>"0", "r91"=>"10", "r22"=>"5", "r21"=>"4", "r32"=>"4", "r31"=>"6", "r42"=>"5", "r41"=>"5", "r52"=>"0", "r51"=>"10", "r62"=>"1", "r61"=>"0", "r72"=>"3", "r71"=>"7", "r82"=>"4", "r81"=>"6", "r103"=>"6", "r102"=>"8", "r101"=>"2"} and HTTP headers {"HTTP_REFERER"=>"/"}
D, [2013-04-12T18:19:41.274388 #2703] DEBUG -- : REQUESTING PAGE: GET / with {} and HTTP headers {}
D, [2013-04-12T18:19:41.303268 #2703] DEBUG -- : REQUESTING PAGE: GET /calcular with {"r103"=>"6", "r102"=>"8", "r101"=>"2", "r12"=>"4", "r11"=>"1", "r22"=>"5", "r21"=>"4", "r32"=>"4", "r31"=>"6", "r42"=>"5", "r41"=>"5", "r52"=>"0", "r51"=>"10", "r62"=>"1", "r61"=>"0", "r72"=>"3", "r71"=>"7", "r82"=>"4", "r81"=>"6", "r92"=>"0", "r91"=>"10"} and HTTP headers {"HTTP_REFERER"=>"/"}
D, [2013-04-12T18:20:30.007676 #2709] DEBUG -- : REQUESTING PAGE: GET / with {} and HTTP headers {}
D, [2013-04-12T18:20:30.036690 #2709] DEBUG -- : REQUESTING PAGE: GET /calcular with {"r82"=>"4", "r81"=>"6", "r92"=>"0", "r91"=>"10", "r12"=>"4", "r11"=>"1", "r72"=>"3", "r71"=>"7", "r22"=>"5", "r21"=>"4", "r32"=>"4", "r31"=>"6", "r42"=>"5", "r41"=>"5", "r52"=>"0", "r51"=>"10", "r103"=>"6", "r102"=>"8", "r101"=>"2", "r62"=>"1", "r61"=>"0"} and HTTP headers {"HTTP_REFERER"=>"/"}
D, [2013-04-12T19:37:55.773975 #2966] DEBUG -- : REQUESTING PAGE: GET / with {} and HTTP headers {}
D, [2013-04-12T19:37:55.797709 #2966] DEBUG -- : REQUESTING PAGE: GET /calcular with {"r72"=>"3", "r71"=>"7", "r82"=>"4", "r81"=>"6", "r92"=>"0", "r91"=>"10", "r12"=>"4", "r11"=>"1", "r22"=>"5", "r21"=>"4", "r103"=>"6", "r102"=>"8", "r101"=>"2", "r32"=>"4", "r31"=>"6", "r42"=>"5", "r41"=>"5", "r52"=>"0", "r51"=>"10", "r62"=>"1", "r61"=>"0"} and HTTP headers {"HTTP_REFERER"=>"/"}
D, [2013-04-12T19:38:46.709657 #2975] DEBUG -- : REQUESTING PAGE: GET / with {} and HTTP headers {}
D, [2013-04-12T19:38:46.733356 #2975] DEBUG -- : REQUESTING PAGE: GET /calcular with {"r12"=>"4", "r11"=>"1", "r22"=>"5", "r21"=>"4", "r32"=>"4", "r31"=>"6", "r42"=>"5", "r41"=>"5", "r52"=>"0", "r51"=>"10", "r103"=>"6", "r102"=>"8", "r101"=>"2", "r62"=>"1", "r61"=>"0", "r72"=>"3", "r71"=>"7", "r82"=>"4", "r81"=>"6", "r92"=>"0", "r91"=>"10"} and HTTP headers {"HTTP_REFERER"=>"/"}
D, [2013-04-12T19:41:26.315775 #2991] DEBUG -- : REQUESTING PAGE: GET / with {} and HTTP headers {}
D, [2013-04-12T19:41:26.344653 #2991] DEBUG -- : REQUESTING PAGE: GET /calcular with {"r62"=>"1", "r61"=>"0", "r72"=>"3", "r71"=>"7", "r82"=>"4", "r81"=>"6", "r92"=>"0", "r91"=>"10", "r103"=>"6", "r102"=>"8", "r101"=>"2", "r12"=>"4", "r11"=>"1", "r22"=>"5", "r21"=>"4", "r32"=>"4", "r31"=>"6", "r42"=>"5", "r41"=>"5", "r52"=>"0", "r51"=>"10"} and HTTP headers {"HTTP_REFERER"=>"/"}
D, [2013-04-12T19:42:53.575496 #2999] DEBUG -- : REQUESTING PAGE: GET / with {} and HTTP headers {}
D, [2013-04-12T19:42:53.603305 #2999] DEBUG -- : REQUESTING PAGE: GET /calcular with {"r32"=>"4", "r31"=>"6", "r12"=>"4", "r11"=>"1", "r42"=>"5", "r41"=>"5", "r22"=>"5", "r21"=>"4", "r103"=>"6", "r102"=>"8", "r101"=>"2", "r52"=>"0", "r51"=>"10", "r62"=>"1", "r61"=>"0", "r72"=>"3", "r71"=>"7", "r82"=>"4", "r81"=>"6", "r92"=>"0", "r91"=>"10"} and HTTP headers {"HTTP_REFERER"=>"/"}
D, [2013-04-12T19:44:46.909346 #3008] DEBUG -- : REQUESTING PAGE: GET / with {} and HTTP headers {}
D, [2013-04-12T19:44:46.934288 #3008] DEBUG -- : REQUESTING PAGE: GET /calcular with {"r92"=>"0", "r91"=>"10", "r72"=>"3", "r71"=>"7", "r82"=>"4", "r81"=>"6", "r12"=>"4", "r11"=>"1", "r103"=>"6", "r102"=>"8", "r101"=>"2", "r22"=>"5", "r21"=>"4", "r32"=>"4", "r31"=>"6", "r42"=>"5", "r41"=>"5", "r52"=>"0", "r51"=>"10", "r62"=>"1", "r61"=>"0"} and HTTP headers {"HTTP_REFERER"=>"/"}
D, [2013-04-12T19:45:24.546812 #3014] DEBUG -- : REQUESTING PAGE: GET / with {} and HTTP headers {}
D, [2013-04-12T19:45:24.570807 #3014] DEBUG -- : REQUESTING PAGE: GET /calcular with {"r52"=>"0", "r51"=>"10", "r62"=>"1", "r61"=>"0", "r72"=>"3", "r71"=>"7", "r103"=>"6", "r102"=>"8", "r101"=>"2", "r82"=>"4", "r81"=>"6", "r12"=>"4", "r11"=>"1", "r92"=>"0", "r91"=>"10", "r22"=>"5", "r21"=>"4", "r32"=>"4", "r31"=>"6", "r42"=>"5", "r41"=>"5"} and HTTP headers {"HTTP_REFERER"=>"/"}
D, [2013-04-12T19:45:44.464902 #3017] DEBUG -- : REQUESTING PAGE: GET / with {} and HTTP headers {}
D, [2013-04-12T19:45:44.488975 #3017] DEBUG -- : REQUESTING PAGE: GET /calcular with {"r12"=>"4", "r11"=>"1", "r22"=>"5", "r21"=>"4", "r32"=>"4", "r31"=>"6", "r42"=>"5", "r41"=>"5", "r52"=>"0", "r51"=>"10", "r103"=>"6", "r102"=>"8", "r101"=>"2", "r62"=>"1", "r61"=>"0", "r72"=>"3", "r71"=>"7", "r82"=>"4", "r81"=>"6", "r92"=>"0", "r91"=>"10"} and HTTP headers {"HTTP_REFERER"=>"/"}
D, [2013-04-12T19:46:39.991462 #3022] DEBUG -- : REQUESTING PAGE: GET / with {} and HTTP headers {}
D, [2013-04-12T19:46:40.020191 #3022] DEBUG -- : REQUESTING PAGE: GET /calcular with {"r52"=>"0", "r51"=>"10", "r62"=>"1", "r61"=>"0", "r72"=>"3", "r71"=>"7", "r103"=>"6", "r102"=>"8", "r101"=>"2", "r82"=>"4", "r81"=>"6", "r92"=>"0", "r91"=>"10", "r12"=>"4", "r11"=>"1", "r22"=>"5", "r21"=>"4", "r32"=>"4", "r31"=>"6", "r42"=>"5", "r41"=>"5"} and HTTP headers {"HTTP_REFERER"=>"/"}
D, [2013-04-12T19:48:14.623054 #3031] DEBUG -- : REQUESTING PAGE: GET / with {} and HTTP headers {}
D, [2013-04-12T19:48:14.651677 #3031] DEBUG -- : REQUESTING PAGE: GET /calcular with {"r42"=>"5", "r41"=>"5", "r52"=>"0", "r51"=>"10", "r62"=>"1", "r61"=>"0", "r103"=>"6", "r102"=>"8", "r101"=>"2", "r92"=>"0", "r91"=>"10", "r12"=>"4", "r11"=>"1", "r72"=>"3", "r71"=>"7", "r22"=>"5", "r21"=>"4", "r82"=>"4", "r81"=>"6", "r32"=>"4", "r31"=>"6"} and HTTP headers {"HTTP_REFERER"=>"/"}
D, [2013-04-12T19:49:02.629017 #3037] DEBUG -- : REQUESTING PAGE: GET / with {} and HTTP headers {}
D, [2013-04-12T19:49:02.653641 #3037] DEBUG -- : REQUESTING PAGE: GET /calcular with {"r12"=>"4", "r11"=>"1", "r22"=>"5", "r21"=>"4", "r103"=>"6", "r102"=>"8", "r101"=>"2", "r32"=>"4", "r31"=>"6", "r42"=>"5", "r41"=>"5", "r52"=>"0", "r51"=>"10", "r62"=>"1", "r61"=>"0", "r72"=>"3", "r71"=>"7", "r82"=>"4", "r81"=>"6", "r92"=>"0", "r91"=>"10"} and HTTP headers {"HTTP_REFERER"=>"/"}
D, [2013-04-12T19:49:32.093519 #3042] DEBUG -- : REQUESTING PAGE: GET / with {} and HTTP headers {}
D, [2013-04-12T19:49:32.117758 #3042] DEBUG -- : REQUESTING PAGE: GET /calcular with {"r42"=>"5", "r41"=>"5", "r103"=>"6", "r102"=>"8", "r101"=>"2", "r52"=>"0", "r51"=>"10", "r62"=>"1", "r61"=>"0", "r72"=>"3", "r71"=>"7", "r82"=>"4", "r81"=>"6", "r22"=>"5", "r21"=>"4", "r92"=>"0", "r91"=>"10", "r32"=>"4", "r31"=>"6", "r12"=>"4", "r11"=>"1"} and HTTP headers {"HTTP_REFERER"=>"/"}
D, [2013-04-12T19:49:53.805658 #3045] DEBUG -- : REQUESTING PAGE: GET / with {} and HTTP headers {}
D, [2013-04-12T19:49:53.829992 #3045] DEBUG -- : REQUESTING PAGE: GET /calcular with {"r42"=>"5", "r41"=>"5", "r52"=>"0", "r51"=>"10", "r62"=>"1", "r61"=>"0", "r72"=>"3", "r71"=>"7", "r103"=>"6", "r102"=>"8", "r101"=>"2", "r82"=>"4", "r81"=>"6", "r22"=>"5", "r21"=>"4", "r92"=>"0", "r91"=>"10", "r32"=>"4", "r31"=>"6", "r12"=>"4", "r11"=>"1"} and HTTP headers {"HTTP_REFERER"=>"/"}
D, [2013-04-12T19:50:38.155849 #3050] DEBUG -- : REQUESTING PAGE: GET / with {} and HTTP headers {}
D, [2013-04-12T19:50:38.184971 #3050] DEBUG -- : REQUESTING PAGE: GET /calcular with {"r32"=>"4", "r31"=>"6", "r42"=>"5", "r41"=>"5", "r52"=>"0", "r51"=>"10", "r62"=>"1", "r61"=>"0", "r72"=>"3", "r71"=>"7", "r82"=>"4", "r81"=>"6", "r92"=>"0", "r91"=>"10", "r103"=>"6", "r102"=>"8", "r101"=>"2", "r12"=>"4", "r11"=>"1", "r22"=>"5", "r21"=>"4"} and HTTP headers {"HTTP_REFERER"=>"/"}
D, [2013-04-12T19:51:47.287883 #3061] DEBUG -- : REQUESTING PAGE: GET / with {} and HTTP headers {}
D, [2013-04-12T19:51:47.316288 #3061] DEBUG -- : REQUESTING PAGE: GET /calcular with {"r103"=>"6", "r102"=>"8", "r101"=>"2", "r72"=>"3", "r71"=>"7", "r82"=>"4", "r81"=>"6", "r12"=>"4", "r11"=>"1", "r22"=>"5", "r21"=>"4", "r92"=>"0", "r91"=>"10", "r32"=>"4", "r31"=>"6", "r42"=>"5", "r41"=>"5", "r52"=>"0", "r51"=>"10", "r62"=>"1", "r61"=>"0"} and HTTP headers {"HTTP_REFERER"=>"/"}
D, [2013-04-12T19:55:28.310022 #3071] DEBUG -- : REQUESTING PAGE: GET / with {} and HTTP headers {}
D, [2013-04-12T19:56:31.122986 #3078] DEBUG -- : REQUESTING PAGE: GET / with {} and HTTP headers {}
D, [2013-04-12T19:56:31.151313 #3078] DEBUG -- : REQUESTING PAGE: GET /calcular with {"r12"=>"4", "r11"=>"1", "r22"=>"5", "r21"=>"4", "r32"=>"4", "r31"=>"6", "r42"=>"5", "r41"=>"5", "r52"=>"0", "r51"=>"10", "r82"=>"4", "r81"=>"6", "r62"=>"1", "r61"=>"0", "r103"=>"6", "r102"=>"8", "r101"=>"2", "r92"=>"0", "r91"=>"10", "r72"=>"3", "r71"=>"7"} and HTTP headers {"HTTP_REFERER"=>"/"}
D, [2013-04-12T19:57:54.071150 #3084] DEBUG -- : REQUESTING PAGE: GET / with {} and HTTP headers {}
D, [2013-04-12T19:57:54.099339 #3084] DEBUG -- : REQUESTING PAGE: GET /calcular with {"r32"=>"4", "r31"=>"6", "r42"=>"5", "r41"=>"5", "r52"=>"0", "r51"=>"10", "r62"=>"1", "r61"=>"0", "r72"=>"3", "r71"=>"7", "r82"=>"4", "r81"=>"6", "r92"=>"0", "r91"=>"10", "r12"=>"4", "r11"=>"1", "r103"=>"6", "r102"=>"8", "r101"=>"2", "r22"=>"5", "r21"=>"4"} and HTTP headers {"HTTP_REFERER"=>"/"}
D, [2013-04-12T19:57:54.107289 #3084] DEBUG -- : REQUESTING PAGE: GET / with {} and HTTP headers {}
D, [2013-04-12T19:57:54.140723 #3084] DEBUG -- : REQUESTING PAGE: GET /calcular with {"r32"=>"0", "r31"=>"10", "r42"=>"0", "r41"=>"10", "r52"=>"0", "r51"=>"10", "r62"=>"0", "r61"=>"10", "r72"=>"0", "r71"=>"10", "r82"=>"0", "r81"=>"10", "r92"=>"0", "r91"=>"10", "r12"=>"0", "r11"=>"10", "r103"=>"10", "r102"=>"10", "r101"=>"10", "r22"=>"0", "r21"=>"10"} and HTTP headers {"HTTP_REFERER"=>"/"}
