# Logfile created on Thu Feb 28 23:48:44 -0600 2013 by logger.rb/22285
D, [2013-02-28T23:48:44.682552 #1693] DEBUG -- : REQUESTING PAGE: GET / with {} and HTTP headers {}
D, [2013-02-28T23:50:33.450188 #1701] DEBUG -- : REQUESTING PAGE: GET / with {} and HTTP headers {}
D, [2013-02-28T23:55:04.049699 #1780] DEBUG -- : REQUESTING PAGE: GET / with {} and HTTP headers {}
D, [2013-02-28T23:55:27.070769 #1787] DEBUG -- : REQUESTING PAGE: GET / with {} and HTTP headers {}
D, [2013-03-08T16:37:14.152269 #4969] DEBUG -- : REQUESTING PAGE: GET  with {} and HTTP headers {}
D, [2013-03-08T16:37:27.647449 #4972] DEBUG -- : REQUESTING PAGE: GET  with {} and HTTP headers {}
D, [2013-03-08T16:37:39.735688 #4977] DEBUG -- : REQUESTING PAGE: GET / with {} and HTTP headers {}
D, [2013-03-08T16:41:33.189264 #4989] DEBUG -- : REQUESTING PAGE: GET / with {} and HTTP headers {}
D, [2013-03-08T16:46:01.235533 #5010] DEBUG -- : REQUESTING PAGE: GET / with {} and HTTP headers {}
D, [2013-03-08T16:46:28.996133 #5013] DEBUG -- : REQUESTING PAGE: GET / with {} and HTTP headers {}
D, [2013-03-08T16:50:05.943515 #5107] DEBUG -- : REQUESTING PAGE: GET / with {} and HTTP headers {}
D, [2013-03-08T16:50:36.883442 #5110] DEBUG -- : REQUESTING PAGE: GET / with {} and HTTP headers {}
D, [2013-03-08T16:51:46.666637 #5117] DEBUG -- : REQUESTING PAGE: GET / with {} and HTTP headers {}
D, [2013-03-08T16:51:58.745652 #5122] DEBUG -- : REQUESTING PAGE: GET / with {} and HTTP headers {}
D, [2013-03-08T16:52:40.249199 #5126] DEBUG -- : REQUESTING PAGE: GET / with {} and HTTP headers {}
D, [2013-03-08T16:53:17.023753 #5130] DEBUG -- : REQUESTING PAGE: GET / with {} and HTTP headers {}
D, [2013-03-08T16:53:17.035157 #5130] DEBUG -- : REQUESTING PAGE: GET /fizzbuzz with {"fbtext"=>""} and HTTP headers {"HTTP_REFERER"=>"/"}
D, [2013-03-08T16:55:10.097899 #5143] DEBUG -- : REQUESTING PAGE: GET / with {} and HTTP headers {}
D, [2013-03-08T16:55:10.108436 #5143] DEBUG -- : REQUESTING PAGE: GET /fizzbuzz with {"fbtext"=>""} and HTTP headers {"HTTP_REFERER"=>"/"}
D, [2013-03-08T16:58:44.388534 #5161] DEBUG -- : REQUESTING PAGE: GET / with {} and HTTP headers {}
D, [2013-03-08T16:58:44.399882 #5161] DEBUG -- : REQUESTING PAGE: GET /fizzbuzz with {"fbtext"=>""} and HTTP headers {"HTTP_REFERER"=>"/"}
D, [2013-03-08T16:59:20.626227 #5166] DEBUG -- : REQUESTING PAGE: GET / with {} and HTTP headers {}
D, [2013-03-08T16:59:20.639156 #5166] DEBUG -- : REQUESTING PAGE: GET /fizzbuzz with {"fbtext"=>""} and HTTP headers {"HTTP_REFERER"=>"/"}
D, [2013-03-08T17:02:25.784661 #5176] DEBUG -- : REQUESTING PAGE: GET / with {} and HTTP headers {}
D, [2013-03-08T17:02:25.795357 #5176] DEBUG -- : REQUESTING PAGE: GET /fizzbuzz with {"fbtext"=>""} and HTTP headers {"HTTP_REFERER"=>"/"}
D, [2013-03-08T17:02:25.796686 #5176] DEBUG -- : REQUESTING PAGE: GET / with {} and HTTP headers {}
D, [2013-03-08T17:02:25.801563 #5176] DEBUG -- : REQUESTING PAGE: GET /fizzbuzz with {"fbtext"=>""} and HTTP headers {"HTTP_REFERER"=>"/"}
D, [2013-03-08T17:03:09.043711 #5181] DEBUG -- : REQUESTING PAGE: GET / with {} and HTTP headers {}
D, [2013-03-08T17:03:09.056954 #5181] DEBUG -- : REQUESTING PAGE: GET /fizzbuzz with {"fbtext"=>""} and HTTP headers {"HTTP_REFERER"=>"/"}
D, [2013-03-08T17:03:09.058460 #5181] DEBUG -- : REQUESTING PAGE: GET / with {} and HTTP headers {}
D, [2013-03-08T17:03:09.060493 #5181] DEBUG -- : REQUESTING PAGE: GET /fizzbuzz with {"fbtext"=>""} and HTTP headers {"HTTP_REFERER"=>"/"}
D, [2013-03-08T17:06:15.778709 #5199] DEBUG -- : REQUESTING PAGE: GET / with {} and HTTP headers {}
D, [2013-03-08T17:06:15.792096 #5199] DEBUG -- : REQUESTING PAGE: GET /fizzbuzz with {"fbtext"=>""} and HTTP headers {"HTTP_REFERER"=>"/"}
D, [2013-03-08T17:06:15.794310 #5199] DEBUG -- : REQUESTING PAGE: GET / with {} and HTTP headers {}
D, [2013-03-08T17:06:15.796094 #5199] DEBUG -- : REQUESTING PAGE: GET /fizzbuzz with {"fbtext"=>""} and HTTP headers {"HTTP_REFERER"=>"/"}
D, [2013-03-08T17:06:54.149873 #5205] DEBUG -- : REQUESTING PAGE: GET / with {} and HTTP headers {}
D, [2013-03-08T17:06:54.160624 #5205] DEBUG -- : REQUESTING PAGE: GET /fizzbuzz with {"fbtext"=>""} and HTTP headers {"HTTP_REFERER"=>"/"}
D, [2013-03-08T17:06:54.165146 #5205] DEBUG -- : REQUESTING PAGE: GET / with {} and HTTP headers {}
D, [2013-03-08T17:06:54.167111 #5205] DEBUG -- : REQUESTING PAGE: GET /fizzbuzz with {"fbtext"=>""} and HTTP headers {"HTTP_REFERER"=>"/"}
D, [2013-03-08T17:08:50.157915 #5213] DEBUG -- : REQUESTING PAGE: GET / with {} and HTTP headers {}
D, [2013-03-08T17:08:50.168412 #5213] DEBUG -- : REQUESTING PAGE: GET /fizzbuzz with {"fbtext"=>""} and HTTP headers {"HTTP_REFERER"=>"/"}
D, [2013-03-08T17:08:50.172761 #5213] DEBUG -- : REQUESTING PAGE: GET / with {} and HTTP headers {}
D, [2013-03-08T17:08:50.174935 #5213] DEBUG -- : REQUESTING PAGE: GET /fizzbuzz with {"fbtext"=>""} and HTTP headers {"HTTP_REFERER"=>"/"}
D, [2013-03-08T17:09:53.418458 #5222] DEBUG -- : REQUESTING PAGE: GET / with {} and HTTP headers {}
D, [2013-03-08T17:09:53.431636 #5222] DEBUG -- : REQUESTING PAGE: GET /fizzbuzz with {"fbtext"=>""} and HTTP headers {"HTTP_REFERER"=>"/"}
D, [2013-03-08T17:09:53.433589 #5222] DEBUG -- : REQUESTING PAGE: GET / with {} and HTTP headers {}
D, [2013-03-08T17:09:53.435095 #5222] DEBUG -- : REQUESTING PAGE: GET /fizzbuzz with {"fbtext"=>""} and HTTP headers {"HTTP_REFERER"=>"/"}
D, [2013-03-08T17:10:44.752493 #5227] DEBUG -- : REQUESTING PAGE: GET / with {} and HTTP headers {}
D, [2013-03-08T17:10:44.764507 #5227] DEBUG -- : REQUESTING PAGE: GET /fizzbuzz with {"fbtext"=>""} and HTTP headers {"HTTP_REFERER"=>"/"}
D, [2013-03-08T17:10:44.766250 #5227] DEBUG -- : REQUESTING PAGE: GET / with {} and HTTP headers {}
D, [2013-03-08T17:10:44.768577 #5227] DEBUG -- : REQUESTING PAGE: GET /fizzbuzz with {"fbtext"=>""} and HTTP headers {"HTTP_REFERER"=>"/"}
D, [2013-03-08T17:11:42.318743 #5233] DEBUG -- : REQUESTING PAGE: GET / with {} and HTTP headers {}
D, [2013-03-08T17:11:42.329747 #5233] DEBUG -- : REQUESTING PAGE: GET /fizzbuzz with {"fbtext"=>""} and HTTP headers {"HTTP_REFERER"=>"/"}
D, [2013-03-08T17:11:42.331746 #5233] DEBUG -- : REQUESTING PAGE: GET / with {} and HTTP headers {}
D, [2013-03-08T17:11:42.333673 #5233] DEBUG -- : REQUESTING PAGE: GET /fizzbuzz with {"fbtext"=>""} and HTTP headers {"HTTP_REFERER"=>"/"}
D, [2013-03-08T17:12:16.551566 #5241] DEBUG -- : REQUESTING PAGE: GET / with {} and HTTP headers {}
D, [2013-03-08T17:12:16.562454 #5241] DEBUG -- : REQUESTING PAGE: GET /fizzbuzz with {"fbtext"=>""} and HTTP headers {"HTTP_REFERER"=>"/"}
D, [2013-03-08T17:12:16.564235 #5241] DEBUG -- : REQUESTING PAGE: GET / with {} and HTTP headers {}
D, [2013-03-08T17:12:16.566247 #5241] DEBUG -- : REQUESTING PAGE: GET /fizzbuzz with {"fbtext"=>""} and HTTP headers {"HTTP_REFERER"=>"/"}
D, [2013-03-08T17:13:46.949554 #5257] DEBUG -- : REQUESTING PAGE: GET / with {} and HTTP headers {}
D, [2013-03-08T17:13:46.961113 #5257] DEBUG -- : REQUESTING PAGE: GET /fizzbuzz with {"fbtext"=>""} and HTTP headers {"HTTP_REFERER"=>"/"}
D, [2013-03-08T17:13:46.963036 #5257] DEBUG -- : REQUESTING PAGE: GET / with {} and HTTP headers {}
D, [2013-03-08T17:13:46.964669 #5257] DEBUG -- : REQUESTING PAGE: GET /fizzbuzz with {"fbtext"=>""} and HTTP headers {"HTTP_REFERER"=>"/"}
D, [2013-03-08T17:14:43.933114 #5266] DEBUG -- : REQUESTING PAGE: GET / with {} and HTTP headers {}
D, [2013-03-08T17:14:43.943659 #5266] DEBUG -- : REQUESTING PAGE: GET /fizzbuzz with {"fbtext"=>""} and HTTP headers {"HTTP_REFERER"=>"/"}
D, [2013-03-08T17:14:43.945629 #5266] DEBUG -- : REQUESTING PAGE: GET / with {} and HTTP headers {}
D, [2013-03-08T17:14:43.948047 #5266] DEBUG -- : REQUESTING PAGE: GET /fizzbuzz with {"fbtext"=>""} and HTTP headers {"HTTP_REFERER"=>"/"}
D, [2013-03-08T17:15:30.348888 #5272] DEBUG -- : REQUESTING PAGE: GET / with {} and HTTP headers {}
D, [2013-03-08T17:15:30.360367 #5272] DEBUG -- : REQUESTING PAGE: GET / with {} and HTTP headers {}
D, [2013-03-08T17:16:23.922771 #5280] DEBUG -- : REQUESTING PAGE: GET / with {} and HTTP headers {}
D, [2013-03-08T17:16:23.933313 #5280] DEBUG -- : REQUESTING PAGE: GET / with {} and HTTP headers {}
D, [2013-03-08T17:16:52.607731 #5285] DEBUG -- : REQUESTING PAGE: GET / with {} and HTTP headers {}
D, [2013-03-08T17:16:52.618612 #5285] DEBUG -- : REQUESTING PAGE: GET / with {} and HTTP headers {}
D, [2013-03-08T17:19:41.088690 #5302] DEBUG -- : REQUESTING PAGE: GET / with {} and HTTP headers {}
D, [2013-03-08T17:19:41.099630 #5302] DEBUG -- : REQUESTING PAGE: GET / with {} and HTTP headers {}
D, [2013-03-08T17:21:34.756781 #5310] DEBUG -- : REQUESTING PAGE: GET / with {} and HTTP headers {}
D, [2013-03-08T17:21:34.767358 #5310] DEBUG -- : REQUESTING PAGE: GET /fizzbuzz with {"fbtext"=>""} and HTTP headers {"HTTP_REFERER"=>"/"}
D, [2013-03-08T17:21:34.769718 #5310] DEBUG -- : REQUESTING PAGE: GET / with {} and HTTP headers {}
D, [2013-03-08T17:21:34.771626 #5310] DEBUG -- : REQUESTING PAGE: GET /fizzbuzz with {"fbtext"=>""} and HTTP headers {"HTTP_REFERER"=>"/"}
D, [2013-03-08T17:22:16.967522 #5319] DEBUG -- : REQUESTING PAGE: GET / with {} and HTTP headers {}
D, [2013-03-08T17:22:16.978269 #5319] DEBUG -- : REQUESTING PAGE: GET /fizzbuzz with {"fbtext"=>""} and HTTP headers {"HTTP_REFERER"=>"/"}
D, [2013-03-08T17:22:16.980543 #5319] DEBUG -- : REQUESTING PAGE: GET / with {} and HTTP headers {}
D, [2013-03-08T17:22:16.982524 #5319] DEBUG -- : REQUESTING PAGE: GET /fizzbuzz with {"fbtext"=>""} and HTTP headers {"HTTP_REFERER"=>"/"}
D, [2013-03-08T17:22:37.172674 #5325] DEBUG -- : REQUESTING PAGE: GET / with {} and HTTP headers {}
D, [2013-03-08T17:22:37.183222 #5325] DEBUG -- : REQUESTING PAGE: GET /fizzbuzz with {"fbtext"=>""} and HTTP headers {"HTTP_REFERER"=>"/"}
D, [2013-03-08T17:22:37.185112 #5325] DEBUG -- : REQUESTING PAGE: GET / with {} and HTTP headers {}
D, [2013-03-08T17:22:37.187607 #5325] DEBUG -- : REQUESTING PAGE: GET /fizzbuzz with {"fbtext"=>""} and HTTP headers {"HTTP_REFERER"=>"/"}
D, [2013-03-08T17:24:08.251741 #5344] DEBUG -- : REQUESTING PAGE: GET / with {} and HTTP headers {}
D, [2013-03-08T17:24:08.261708 #5344] DEBUG -- : REQUESTING PAGE: GET /fizzbuzz with {"fbtext"=>""} and HTTP headers {"HTTP_REFERER"=>"/"}
D, [2013-03-08T17:24:08.264597 #5344] DEBUG -- : REQUESTING PAGE: GET / with {} and HTTP headers {}
D, [2013-03-08T17:24:08.266544 #5344] DEBUG -- : REQUESTING PAGE: GET /fizzbuzz with {"fbtext"=>""} and HTTP headers {"HTTP_REFERER"=>"/"}
D, [2013-03-08T17:24:25.615708 #5348] DEBUG -- : REQUESTING PAGE: GET / with {} and HTTP headers {}
D, [2013-03-08T17:24:25.627457 #5348] DEBUG -- : REQUESTING PAGE: GET /fizzbuzz with {"fbtext"=>""} and HTTP headers {"HTTP_REFERER"=>"/"}
D, [2013-03-08T17:24:25.629841 #5348] DEBUG -- : REQUESTING PAGE: GET / with {} and HTTP headers {}
D, [2013-03-08T17:24:25.631760 #5348] DEBUG -- : REQUESTING PAGE: GET /fizzbuzz with {"fbtext"=>""} and HTTP headers {"HTTP_REFERER"=>"/"}
D, [2013-03-08T17:24:45.415367 #5353] DEBUG -- : REQUESTING PAGE: GET / with {} and HTTP headers {}
D, [2013-03-08T17:24:45.426886 #5353] DEBUG -- : REQUESTING PAGE: GET /fizzbuzz with {"fbtext"=>""} and HTTP headers {"HTTP_REFERER"=>"/"}
D, [2013-03-08T17:24:45.428777 #5353] DEBUG -- : REQUESTING PAGE: GET / with {} and HTTP headers {}
D, [2013-03-08T17:24:45.431039 #5353] DEBUG -- : REQUESTING PAGE: GET /fizzbuzz with {"fbtext"=>""} and HTTP headers {"HTTP_REFERER"=>"/"}
D, [2013-03-08T17:25:13.305307 #5361] DEBUG -- : REQUESTING PAGE: GET / with {} and HTTP headers {}
D, [2013-03-08T17:25:13.316710 #5361] DEBUG -- : REQUESTING PAGE: GET /fizzbuzz with {"fbtext"=>""} and HTTP headers {"HTTP_REFERER"=>"/"}
D, [2013-03-08T17:25:13.318692 #5361] DEBUG -- : REQUESTING PAGE: GET / with {} and HTTP headers {}
D, [2013-03-08T17:25:13.320494 #5361] DEBUG -- : REQUESTING PAGE: GET /fizzbuzz with {"fbtext"=>""} and HTTP headers {"HTTP_REFERER"=>"/"}
D, [2013-03-08T17:25:54.235319 #5369] DEBUG -- : REQUESTING PAGE: GET / with {} and HTTP headers {}
D, [2013-03-08T17:25:54.246525 #5369] DEBUG -- : REQUESTING PAGE: GET /fizzbuzz with {"fbtext"=>""} and HTTP headers {"HTTP_REFERER"=>"/"}
D, [2013-03-08T17:25:54.248614 #5369] DEBUG -- : REQUESTING PAGE: GET / with {} and HTTP headers {}
D, [2013-03-08T17:25:54.250653 #5369] DEBUG -- : REQUESTING PAGE: GET /fizzbuzz with {"fbtext"=>""} and HTTP headers {"HTTP_REFERER"=>"/"}
D, [2013-03-08T17:26:20.044335 #5374] DEBUG -- : REQUESTING PAGE: GET / with {} and HTTP headers {}
D, [2013-03-08T17:26:20.055604 #5374] DEBUG -- : REQUESTING PAGE: GET /fizzbuzz with {"fbtext"=>""} and HTTP headers {"HTTP_REFERER"=>"/"}
D, [2013-03-08T17:26:20.057309 #5374] DEBUG -- : REQUESTING PAGE: GET / with {} and HTTP headers {}
D, [2013-03-08T17:26:20.059272 #5374] DEBUG -- : REQUESTING PAGE: GET /fizzbuzz with {"fbtext"=>""} and HTTP headers {"HTTP_REFERER"=>"/"}
D, [2013-03-08T17:27:13.245883 #5383] DEBUG -- : REQUESTING PAGE: GET / with {} and HTTP headers {}
D, [2013-03-08T17:27:13.256783 #5383] DEBUG -- : REQUESTING PAGE: GET /fizzbuzz with {"fbtext"=>""} and HTTP headers {"HTTP_REFERER"=>"/"}
D, [2013-03-08T17:27:13.258154 #5383] DEBUG -- : REQUESTING PAGE: GET / with {} and HTTP headers {}
D, [2013-03-08T17:27:13.260611 #5383] DEBUG -- : REQUESTING PAGE: GET /fizzbuzz with {"fbtext"=>""} and HTTP headers {"HTTP_REFERER"=>"/"}
D, [2013-03-08T17:27:38.474979 #5388] DEBUG -- : REQUESTING PAGE: GET / with {} and HTTP headers {}
D, [2013-03-08T17:27:38.485924 #5388] DEBUG -- : REQUESTING PAGE: GET / with {} and HTTP headers {}
D, [2013-03-08T17:27:58.318103 #5392] DEBUG -- : REQUESTING PAGE: GET / with {} and HTTP headers {}
D, [2013-03-08T17:27:58.329272 #5392] DEBUG -- : REQUESTING PAGE: GET /fizzbuzz with {"fbtext"=>""} and HTTP headers {"HTTP_REFERER"=>"/"}
D, [2013-03-08T17:27:58.330905 #5392] DEBUG -- : REQUESTING PAGE: GET / with {} and HTTP headers {}
D, [2013-03-08T17:27:58.332808 #5392] DEBUG -- : REQUESTING PAGE: GET /fizzbuzz with {"fbtext"=>""} and HTTP headers {"HTTP_REFERER"=>"/"}
D, [2013-03-08T17:28:39.078294 #5400] DEBUG -- : REQUESTING PAGE: GET / with {} and HTTP headers {}
D, [2013-03-08T17:28:39.089164 #5400] DEBUG -- : REQUESTING PAGE: GET /fizzbuzz with {"fbtext"=>""} and HTTP headers {"HTTP_REFERER"=>"/"}
D, [2013-03-08T17:28:39.091448 #5400] DEBUG -- : REQUESTING PAGE: GET / with {} and HTTP headers {}
D, [2013-03-08T17:28:39.095780 #5400] DEBUG -- : REQUESTING PAGE: GET /fizzbuzz with {"fbtext"=>""} and HTTP headers {"HTTP_REFERER"=>"/"}
D, [2013-03-08T17:29:30.255368 #5408] DEBUG -- : REQUESTING PAGE: GET / with {} and HTTP headers {}
D, [2013-03-08T17:29:30.267344 #5408] DEBUG -- : REQUESTING PAGE: GET /fizzbuzz with {"fbtext"=>""} and HTTP headers {"HTTP_REFERER"=>"/"}
D, [2013-03-08T17:29:30.269685 #5408] DEBUG -- : REQUESTING PAGE: GET / with {} and HTTP headers {}
D, [2013-03-08T17:29:30.271398 #5408] DEBUG -- : REQUESTING PAGE: GET /fizzbuzz with {"fbtext"=>""} and HTTP headers {"HTTP_REFERER"=>"/"}
D, [2013-03-08T17:32:49.893884 #5430] DEBUG -- : REQUESTING PAGE: GET / with {} and HTTP headers {}
D, [2013-03-08T17:32:49.904745 #5430] DEBUG -- : REQUESTING PAGE: GET /fizzbuzz with {"fbtext"=>""} and HTTP headers {"HTTP_REFERER"=>"/"}
D, [2013-03-08T17:32:49.906726 #5430] DEBUG -- : REQUESTING PAGE: GET / with {} and HTTP headers {}
D, [2013-03-08T17:32:49.908663 #5430] DEBUG -- : REQUESTING PAGE: GET /fizzbuzz with {"fbtext"=>""} and HTTP headers {"HTTP_REFERER"=>"/"}
D, [2013-03-08T17:39:32.008832 #5460] DEBUG -- : REQUESTING PAGE: GET / with {} and HTTP headers {}
D, [2013-03-08T17:39:32.020059 #5460] DEBUG -- : REQUESTING PAGE: GET /fizzbuzz with {"fbtext"=>""} and HTTP headers {"HTTP_REFERER"=>"/"}
D, [2013-03-08T17:39:32.021993 #5460] DEBUG -- : REQUESTING PAGE: GET / with {} and HTTP headers {}
D, [2013-03-08T17:39:32.024284 #5460] DEBUG -- : REQUESTING PAGE: GET /fizzbuzz with {"fbtext"=>""} and HTTP headers {"HTTP_REFERER"=>"/"}
D, [2013-03-08T17:43:12.347991 #5475] DEBUG -- : REQUESTING PAGE: GET / with {} and HTTP headers {}
D, [2013-03-08T17:43:12.359191 #5475] DEBUG -- : REQUESTING PAGE: GET /fizzbuzz with {"fbtext"=>"0"} and HTTP headers {"HTTP_REFERER"=>"/"}
D, [2013-03-08T17:43:12.361032 #5475] DEBUG -- : REQUESTING PAGE: GET / with {} and HTTP headers {}
D, [2013-03-08T17:43:12.363689 #5475] DEBUG -- : REQUESTING PAGE: GET /fizzbuzz with {"fbtext"=>"0"} and HTTP headers {"HTTP_REFERER"=>"/"}
D, [2013-03-08T17:44:02.448189 #5481] DEBUG -- : REQUESTING PAGE: GET / with {} and HTTP headers {}
D, [2013-03-08T17:44:02.459584 #5481] DEBUG -- : REQUESTING PAGE: GET /fizzbuzz with {"fbtext"=>""} and HTTP headers {"HTTP_REFERER"=>"/"}
D, [2013-03-08T17:44:02.461120 #5481] DEBUG -- : REQUESTING PAGE: GET / with {} and HTTP headers {}
D, [2013-03-08T17:44:02.463702 #5481] DEBUG -- : REQUESTING PAGE: GET /fizzbuzz with {"fbtext"=>""} and HTTP headers {"HTTP_REFERER"=>"/"}
D, [2013-03-08T17:45:40.311704 #5490] DEBUG -- : REQUESTING PAGE: GET / with {} and HTTP headers {}
D, [2013-03-08T17:45:40.323317 #5490] DEBUG -- : REQUESTING PAGE: GET /fizzbuzz with {"fbtext"=>"1"} and HTTP headers {"HTTP_REFERER"=>"/"}
D, [2013-03-08T17:45:40.324709 #5490] DEBUG -- : REQUESTING PAGE: GET / with {} and HTTP headers {}
D, [2013-03-08T17:45:40.326867 #5490] DEBUG -- : REQUESTING PAGE: GET /fizzbuzz with {"fbtext"=>"3"} and HTTP headers {"HTTP_REFERER"=>"/"}
D, [2013-03-08T17:48:25.707588 #5501] DEBUG -- : REQUESTING PAGE: GET / with {} and HTTP headers {}
D, [2013-03-08T17:48:25.718198 #5501] DEBUG -- : REQUESTING PAGE: GET / with {} and HTTP headers {}
D, [2013-03-08T17:48:25.720178 #5501] DEBUG -- : REQUESTING PAGE: GET /fizzbuzz with {"fbtext"=>"3"} and HTTP headers {"HTTP_REFERER"=>"/"}
D, [2013-03-08T17:50:24.054848 #5510] DEBUG -- : REQUESTING PAGE: GET / with {} and HTTP headers {}
D, [2013-03-08T17:50:24.065657 #5510] DEBUG -- : REQUESTING PAGE: GET / with {} and HTTP headers {}
D, [2013-03-08T17:51:42.960558 #5518] DEBUG -- : REQUESTING PAGE: GET / with {} and HTTP headers {}
D, [2013-03-08T17:51:42.971651 #5518] DEBUG -- : REQUESTING PAGE: GET /fizzbuzz with {"fbtext"=>"1"} and HTTP headers {"HTTP_REFERER"=>"/"}
D, [2013-03-08T17:51:42.973219 #5518] DEBUG -- : REQUESTING PAGE: GET / with {} and HTTP headers {}
D, [2013-03-08T17:51:42.974656 #5518] DEBUG -- : REQUESTING PAGE: GET /fizzbuzz with {"fbtext"=>"3"} and HTTP headers {"HTTP_REFERER"=>"/"}
D, [2013-03-08T17:52:29.285792 #5524] DEBUG -- : REQUESTING PAGE: GET / with {} and HTTP headers {}
D, [2013-03-08T17:52:29.296940 #5524] DEBUG -- : REQUESTING PAGE: GET /fizzbuzz with {"fbtext"=>"1"} and HTTP headers {"HTTP_REFERER"=>"/"}
D, [2013-03-08T17:52:29.298328 #5524] DEBUG -- : REQUESTING PAGE: GET / with {} and HTTP headers {}
D, [2013-03-08T17:52:29.300529 #5524] DEBUG -- : REQUESTING PAGE: GET /fizzbuzz with {"fbtext"=>"3"} and HTTP headers {"HTTP_REFERER"=>"/"}
D, [2013-03-08T17:52:29.301880 #5524] DEBUG -- : REQUESTING PAGE: GET / with {} and HTTP headers {}
D, [2013-03-08T17:52:29.303359 #5524] DEBUG -- : REQUESTING PAGE: GET /fizzbuzz with {"fbtext"=>"5"} and HTTP headers {"HTTP_REFERER"=>"/"}
D, [2013-03-08T18:03:16.060808 #5643] DEBUG -- : REQUESTING PAGE: GET / with {} and HTTP headers {}
D, [2013-03-08T18:03:16.072372 #5643] DEBUG -- : REQUESTING PAGE: GET /fizzbuzz with {"fbtext"=>"1"} and HTTP headers {"HTTP_REFERER"=>"/"}
D, [2013-03-08T18:03:16.073691 #5643] DEBUG -- : REQUESTING PAGE: GET / with {} and HTTP headers {}
D, [2013-03-08T18:03:16.075402 #5643] DEBUG -- : REQUESTING PAGE: GET /fizzbuzz with {"fbtext"=>"3"} and HTTP headers {"HTTP_REFERER"=>"/"}
D, [2013-03-08T18:03:16.076601 #5643] DEBUG -- : REQUESTING PAGE: GET / with {} and HTTP headers {}
D, [2013-03-08T18:03:16.078454 #5643] DEBUG -- : REQUESTING PAGE: GET /fizzbuzz with {"fbtext"=>"5"} and HTTP headers {"HTTP_REFERER"=>"/"}
D, [2013-03-08T18:05:18.326493 #5659] DEBUG -- : REQUESTING PAGE: GET / with {} and HTTP headers {}
D, [2013-03-08T18:05:18.337411 #5659] DEBUG -- : REQUESTING PAGE: GET /fizzbuzz with {"fbtext"=>"1"} and HTTP headers {"HTTP_REFERER"=>"/"}
D, [2013-03-08T18:05:18.338847 #5659] DEBUG -- : REQUESTING PAGE: GET / with {} and HTTP headers {}
D, [2013-03-08T18:05:18.340534 #5659] DEBUG -- : REQUESTING PAGE: GET /fizzbuzz with {"fbtext"=>"3"} and HTTP headers {"HTTP_REFERER"=>"/"}
D, [2013-03-08T18:05:18.341739 #5659] DEBUG -- : REQUESTING PAGE: GET / with {} and HTTP headers {}
D, [2013-03-08T18:05:18.343541 #5659] DEBUG -- : REQUESTING PAGE: GET /fizzbuzz with {"fbtext"=>"5"} and HTTP headers {"HTTP_REFERER"=>"/"}
D, [2013-03-08T18:05:58.548521 #5665] DEBUG -- : REQUESTING PAGE: GET / with {} and HTTP headers {}
D, [2013-03-08T18:05:58.560001 #5665] DEBUG -- : REQUESTING PAGE: GET /fizzbuzz with {"fbtext"=>"1"} and HTTP headers {"HTTP_REFERER"=>"/"}
D, [2013-03-08T18:05:58.561494 #5665] DEBUG -- : REQUESTING PAGE: GET / with {} and HTTP headers {}
D, [2013-03-08T18:05:58.563070 #5665] DEBUG -- : REQUESTING PAGE: GET /fizzbuzz with {"fbtext"=>"3"} and HTTP headers {"HTTP_REFERER"=>"/"}
D, [2013-03-08T18:05:58.564123 #5665] DEBUG -- : REQUESTING PAGE: GET / with {} and HTTP headers {}
D, [2013-03-08T18:05:58.565848 #5665] DEBUG -- : REQUESTING PAGE: GET /fizzbuzz with {"fbtext"=>"5"} and HTTP headers {"HTTP_REFERER"=>"/"}
